<?xml version="1.0" encoding="utf-8"?><testsuites name="pytest tests"><testsuite name="pytest" errors="0" failures="0" skipped="0" tests="118" time="3.423" timestamp="2026-09-08T16:51:05.371098-07:00" hostname="Mac.lan"><testcase classname="tests.test_api" name="test_http_requires_identity_and_scopes_each_workspace" time="0.123" /><testcase classname="tests.test_api" name="test_editor_http_views_and_tools_do_not_leak_office_records" time="0.059" /><testcase classname="tests.test_api" name="test_run_trace_cannot_be_read_after_switching_to_editor" time="0.084" /><testcase classname="tests.test_api" name="test_expired_http_approval_does_not_requeue_work" time="0.082" /><testcase classname="tests.test_api" name="test_http_approval_queues_then_actual_executor_persists_changes" time="0.127" /><testcase classname="tests.test_api" name="test_handoff_http_deduplicates_and_rejects_changed_payload" time="0.048" /><testcase classname="tests.test_api" name="test_invalid_requests_fail_before_models_or_office_writes" time="0.041" /><testcase classname="tests.test_api" name="test_http_reset_clears_history_and_restores_records" time="0.101" /><testcase classname="tests.test_attendee_availability" name="test_free_calendar_time_still_requires_attendee_availability[2026-09-09T12:30:00-07:00-2026-09-09T13:00:00-07:00]" time="0.063" /><testcase classname="tests.test_attendee_availability" name="test_free_calendar_time_still_requires_attendee_availability[2026-09-09T11:30:00-07:00-2026-09-09T12:30:00-07:00]" time="0.013" /><testcase classname="tests.test_attendee_availability" name="test_free_calendar_time_still_requires_attendee_availability[2026-09-10T14:00:00-07:00-2026-09-10T14:30:00-07:00]" time="0.011" /><testcase classname="tests.test_attendee_availability" name="test_changed_attendee_window_invalidates_approval" time="0.024" /><testcase classname="tests.test_attendee_availability" name="test_confirmed_window_executes" time="0.044" /><testcase classname="tests.test_audio" name="test_transcription_uses_dedicated_audio_endpoint_and_preserves_provider_usage" time="0.023" /><testcase classname="tests.test_audio" name="test_transcription_rejects_empty_or_invalid_text[result0]" time="0.005" /><testcase classname="tests.test_audio" name="test_transcription_rejects_empty_or_invalid_text[result1]" time="0.012" /><testcase classname="tests.test_audio" name="test_transcription_rejects_empty_or_invalid_text[result2]" time="0.041" /><testcase classname="tests.test_audio" name="test_speech_returns_raw_mp3_bytes_with_explicit_voice_and_no_invented_cost" time="0.008" /><testcase classname="tests.test_audio" name="test_speech_rejects_non_audio_or_empty_success_response[headers0-{&quot;error&quot;:&quot;failed&quot;}]" time="0.018" /><testcase classname="tests.test_audio" name="test_speech_rejects_non_audio_or_empty_success_response[headers1-]" time="0.011" /><testcase classname="tests.test_audio" name="test_speech_rejects_non_audio_or_empty_success_response[headers2-not audio]" time="0.004" /><testcase classname="tests.test_audio" name="test_speech_retries_transient_error_once" time="0.008" /><testcase classname="tests.test_audio" name="test_speech_preserves_account_rejection_without_exposing_provider_payload" time="0.013" /><testcase classname="tests.test_audio" name="test_audio_routes_are_independently_configurable" time="0.001" /><testcase classname="tests.test_content_boundary" name="test_content_route_cannot_use_doctor_authority_for_office_actions[action0]" time="0.082" /><testcase classname="tests.test_content_boundary" name="test_content_route_cannot_use_doctor_authority_for_office_actions[action1]" time="0.013" /><testcase classname="tests.test_content_boundary" name="test_content_route_cannot_use_doctor_authority_for_office_actions[action2]" time="0.013" /><testcase classname="tests.test_content_boundary" name="test_content_route_cannot_use_doctor_authority_for_office_actions[action3]" time="0.012" /><testcase classname="tests.test_content_boundary" name="test_content_route_cannot_use_doctor_authority_for_office_actions[action4]" time="0.013" /><testcase classname="tests.test_content_boundary" name="test_content_route_retains_doctor_approval_owner_with_scoped_actions" time="0.050" /><testcase classname="tests.test_domain" name="test_preparation_deadline_uses_aware_time_and_actual_records" time="0.019" /><testcase classname="tests.test_domain" name="test_approval_is_required_and_receipts_prevent_duplicates" time="0.055" /><testcase classname="tests.test_domain" name="test_changed_calendar_prevents_every_remaining_write" time="0.043" /><testcase classname="tests.test_domain" name="test_timeout_after_commit_resumes_without_duplicate" time="0.075" /><testcase classname="tests.test_domain" name="test_follow_up_is_linked_authorized_and_idempotent" time="0.050" /><testcase classname="tests.test_domain" name="test_content_flow_assigns_review_and_closes_only_review_task" time="0.069" /><testcase classname="tests.test_domain" name="test_roles_and_workspace_ownership_are_enforced_in_tools_and_plans" time="0.031" /><testcase classname="tests.test_domain" name="test_protected_appointments_and_conflicts_are_rejected" time="0.018" /><testcase classname="tests.test_domain" name="test_preferences_survive_fresh_actor_and_stale_overwrite_is_rejected" time="0.061" /><testcase classname="tests.test_domain" name="test_reset_reseeds_same_isolated_workspace" time="0.030" /><testcase classname="tests.test_domain" name="test_paperwork_update_invalidates_a_prepared_follow_up" time="0.039" /><testcase classname="tests.test_domain" name="test_expired_approval_cannot_write" time="0.025" /><testcase classname="tests.test_domain" name="test_duplicate_or_conflicting_changes_rejected_before_approval" time="0.017" /><testcase classname="tests.test_domain" name="test_concurrent_executors_preserve_single_receipt" time="0.047" /><testcase classname="tests.test_domain" name="test_worker_lease_fences_late_effects" time="0.037" /><testcase classname="tests.test_domain" name="test_source_change_invalidates_unreviewed_content" time="0.030" /><testcase classname="tests.test_domain" name="test_handoff_targets_the_referenced_content_not_the_latest" time="0.042" /><testcase classname="tests.test_domain" name="test_handoff_event_and_target_state_idempotence" time="0.023" /><testcase classname="tests.test_domain" name="test_handoff_accepts_any_owned_admin_record_and_closes_only_its_work" time="0.041" /><testcase classname="tests.test_domain" name="test_handoff_rejects_wrong_kind_unauthorized_actor_and_editor_office_access" time="0.022" /><testcase classname="tests.test_domain" name="test_editor_recording_availability_has_no_private_records_and_obeys_rules" time="0.019" /><testcase classname="tests.test_domain" name="test_editor_available_windows_change_when_an_office_slot_is_occupied" time="0.033" /><testcase classname="tests.test_evidence" name="test_export_is_scoped_and_uses_the_exact_uploaded_private_path" time="0.091" /><testcase classname="tests.test_evidence" name="test_export_denies_other_roles_or_workspaces_before_storage_request" time="0.031" /><testcase classname="tests.test_evidence" name="test_export_rejects_unexpected_signed_download_locations[https://attacker.example/file.json?token=x]" time="0.021" /><testcase classname="tests.test_evidence" name="test_export_rejects_unexpected_signed_download_locations[//attacker.example/file.json?token=x]" time="0.020" /><testcase classname="tests.test_evidence" name="test_export_rejects_unexpected_signed_download_locations[/object/sign/practice-evidence/another-workspace/doctor/file.json?token=x]" time="0.021" /><testcase classname="tests.test_evidence" name="test_export_rejects_unexpected_signed_download_locations[/object/sign/../../private/file.json?token=x]" time="0.023" /><testcase classname="tests.test_evidence" name="test_export_rejects_unexpected_signed_download_locations[/object/sign/file.json#fragment]" time="0.024" /><testcase classname="tests.test_evidence" name="test_export_rejects_unexpected_signed_download_locations[None]" time="0.021" /><testcase classname="tests.test_evidence" name="test_export_rejects_unexpected_signed_download_locations[42]" time="0.022" /><testcase classname="tests.test_evidence" name="test_export_storage_failure_does_not_expose_service_credentials" time="0.024" /><testcase classname="tests.test_evidence" name="test_source_check_uses_fixed_url_no_redirects_and_preserves_research_note" time="0.019" /><testcase classname="tests.test_evidence" name="test_source_url_override_or_private_source_is_rejected_before_fetch" time="0.019" /><testcase classname="tests.test_evidence" name="test_source_redirect_is_not_followed_or_reported_as_verified" time="0.033" /><testcase classname="tests.test_jobs" name="test_run_survives_worker_replacement_and_fences_old_generation" time="0.094" /><testcase classname="tests.test_jobs" name="test_cancellation_prevents_remaining_approved_effects" time="0.047" /><testcase classname="tests.test_jobs" name="test_concurrent_claims_never_share_a_job" time="0.046" /><testcase classname="tests.test_jobs" name="test_run_history_and_traces_are_scoped_by_role_and_owner" time="0.026" /><testcase classname="tests.test_jobs" name="test_exhausted_restart_attempts_become_visible_failure" time="0.019" /><testcase classname="tests.test_jobs" name="test_usage_aggregation_preserves_unknown_cost_and_session_limits" time="0.045" /><testcase classname="tests.test_jobs" name="test_reset_invalidates_inflight_job_and_removes_private_history" time="0.035" /><testcase classname="tests.test_jobs" name="test_explicit_resume_reuses_the_same_job" time="0.025" /><testcase classname="tests.test_jobs" name="test_handoff_rejects_obsolete_expired_and_mismatched_leases" time="0.021" /><testcase classname="tests.test_jobs" name="test_workspace_reset_fences_old_handoff_before_fresh_records_change" time="0.035" /><testcase classname="tests.test_jobs" name="test_handoff_worker_reconciles_crash_after_receipt_commit" time="0.032" /><testcase classname="tests.test_jobs" name="test_handoff_worker_exhaustion_is_reported" time="0.033" /><testcase classname="tests.test_public_content" name="test_private_or_free_form_fields_are_rejected_before_specialist_call[brief]" time="0.065" /><testcase classname="tests.test_public_content" name="test_private_or_free_form_fields_are_rejected_before_specialist_call[patient_name]" time="0.010" /><testcase classname="tests.test_public_content" name="test_private_or_free_form_fields_are_rejected_before_specialist_call[preferences]" time="0.009" /><testcase classname="tests.test_public_content" name="test_private_or_free_form_fields_are_rejected_before_specialist_call[prompt]" time="0.010" /><testcase classname="tests.test_public_content" name="test_private_or_free_form_fields_are_rejected_before_specialist_call[source_notes]" time="0.009" /><testcase classname="tests.test_public_content" name="test_private_or_free_form_fields_are_rejected_before_specialist_call[workspace_id]" time="0.009" /><testcase classname="tests.test_public_content" name="test_hidden_or_unknown_source_ids_are_refused[source-demo-calendar]" time="0.011" /><testcase classname="tests.test_public_content" name="test_hidden_or_unknown_source_ids_are_refused[admin-maya]" time="0.011" /><testcase classname="tests.test_public_content" name="test_hidden_or_unknown_source_ids_are_refused[a-source-that-does-not-exist]" time="0.011" /><testcase classname="tests.test_public_content" name="test_fixed_prompt_excludes_private_preferences_and_arbitrary_source_metadata" time="0.017" /><testcase classname="tests.test_public_content" name="test_content_request_schema_rejects_invalid_types_and_unbounded_options[arguments0]" time="0.008" /><testcase classname="tests.test_public_content" name="test_content_request_schema_rejects_invalid_types_and_unbounded_options[arguments1]" time="0.009" /><testcase classname="tests.test_public_content" name="test_content_request_schema_rejects_invalid_types_and_unbounded_options[arguments2]" time="0.010" /><testcase classname="tests.test_public_content" name="test_content_request_schema_rejects_invalid_types_and_unbounded_options[arguments3]" time="0.010" /><testcase classname="tests.test_public_content" name="test_content_request_schema_rejects_invalid_types_and_unbounded_options[arguments4]" time="0.010" /><testcase classname="tests.test_public_content" name="test_content_request_schema_rejects_invalid_types_and_unbounded_options[arguments5]" time="0.008" /><testcase classname="tests.test_public_content" name="test_json_parser_accepts_plain_object_and_exact_json_fence[{&quot;route&quot;:&quot;planner&quot;}]" time="0.000" /><testcase classname="tests.test_public_content" name="test_json_parser_accepts_plain_object_and_exact_json_fence[```json\n{&quot;route&quot;:&quot;planner&quot;}\n```]" time="0.000" /><testcase classname="tests.test_public_content" name="test_json_parser_accepts_plain_object_and_exact_json_fence[```\n{&quot;route&quot;:&quot;planner&quot;}\n```]" time="0.000" /><testcase classname="tests.test_public_content" name="test_json_parser_accepts_plain_object_and_exact_json_fence[  ```JSON\r\n{&quot;route&quot;:&quot;planner&quot;}\r\n```  ]" time="0.000" /><testcase classname="tests.test_public_content" name="test_json_parser_rejects_ambiguous_nonobject_or_malformed_output[Here is the result: {&quot;route&quot;:&quot;planner&quot;}]" time="0.000" /><testcase classname="tests.test_public_content" name="test_json_parser_rejects_ambiguous_nonobject_or_malformed_output[```python\n{&quot;route&quot;:&quot;planner&quot;}\n```]" time="0.000" /><testcase classname="tests.test_public_content" name="test_json_parser_rejects_ambiguous_nonobject_or_malformed_output[```json\n{&quot;route&quot;:&quot;planner&quot;}\n```\nAnd more text]" time="0.000" /><testcase classname="tests.test_public_content" name="test_json_parser_rejects_ambiguous_nonobject_or_malformed_output[{&quot;route&quot;:&quot;planner&quot;,&quot;route&quot;:&quot;content&quot;}]" time="0.000" /><testcase classname="tests.test_public_content" name="test_json_parser_rejects_ambiguous_nonobject_or_malformed_output[{&quot;cost&quot;: NaN}]" time="0.000" /><testcase classname="tests.test_public_content" name="test_json_parser_rejects_ambiguous_nonobject_or_malformed_output[[{&quot;route&quot;:&quot;planner&quot;}]]" time="0.000" /><testcase classname="tests.test_public_content" name="test_json_parser_rejects_ambiguous_nonobject_or_malformed_output[null]" time="0.000" /><testcase classname="tests.test_public_content" name="test_json_parser_rejects_ambiguous_nonobject_or_malformed_output[]" time="0.000" /><testcase classname="tests.test_public_content" name="test_json_parser_rejects_ambiguous_nonobject_or_malformed_output[None]" time="0.000" /><testcase classname="tests.test_public_content" name="test_draft_validation_rejects_wrong_types_extra_fields_and_invalid_citations[change0]" time="0.000" /><testcase classname="tests.test_public_content" name="test_draft_validation_rejects_wrong_types_extra_fields_and_invalid_citations[change1]" time="0.000" /><testcase classname="tests.test_public_content" name="test_draft_validation_rejects_wrong_types_extra_fields_and_invalid_citations[change2]" time="0.000" /><testcase classname="tests.test_public_content" name="test_draft_validation_rejects_wrong_types_extra_fields_and_invalid_citations[change3]" time="0.000" /><testcase classname="tests.test_public_content" name="test_draft_validation_rejects_wrong_types_extra_fields_and_invalid_citations[change4]" time="0.000" /><testcase classname="tests.test_public_content" name="test_draft_validation_rejects_wrong_types_extra_fields_and_invalid_citations[change5]" time="0.000" /><testcase classname="tests.test_public_content" name="test_draft_validation_rejects_wrong_types_extra_fields_and_invalid_citations[change6]" time="0.000" /><testcase classname="tests.test_public_content" name="test_draft_validation_rejects_wrong_types_extra_fields_and_invalid_citations[change7]" time="0.000" /><testcase classname="tests.test_public_content" name="test_draft_validation_rejects_wrong_types_extra_fields_and_invalid_citations[change8]" time="0.000" /><testcase classname="tests.test_public_content" name="test_draft_validation_rejects_wrong_types_extra_fields_and_invalid_citations[change9]" time="0.000" /><testcase classname="tests.test_public_content" name="test_specialist_rejects_model_citation_outside_selected_sources" time="0.012" /><testcase classname="tests.test_public_content" name="test_tool_definition_exposes_only_the_bounded_public_request" time="0.021" /></testsuite></testsuites>